This is pdfTeX, Version 3.14159265-2.6-1.40.21 (TeX Live 2020/W32TeX) (preloaded format=pdflatex 2021.3.21)  19 APR 2021 16:22
entering extended mode
 restricted \write18 enabled.
 file:line:error style messages enabled.
 %&-line parsing enabled.
**"c:/Users/callu/Dropbox/University/2021 Semester 1/Machine Learning/assignments/assignment 1/Report/report.tex"
(c:/Users/callu/Dropbox/University/2021 Semester 1/Machine Learning/assignments/assignment 1/Report/report.tex
LaTeX2e <2020-10-01> patch level 4
L3 programming layer <2021-02-18> (c:/texlive/2020/texmf-dist/tex/latex/base/article.cls
Document Class: article 2020/04/10 v1.4m Standard LaTeX document class
(c:/texlive/2020/texmf-dist/tex/latex/base/size11.clo
File: size11.clo 2020/04/10 v1.4m Standard LaTeX file (size option)
)
\c@part=\count179
\c@section=\count180
\c@subsection=\count181
\c@subsubsection=\count182
\c@paragraph=\count183
\c@subparagraph=\count184
\c@figure=\count185
\c@table=\count186
\abovecaptionskip=\skip47
\belowcaptionskip=\skip48
\bibindent=\dimen138
) (c:/texlive/2020/texmf-dist/tex/latex/sectsty/sectsty.sty
Package: sectsty 2002/02/25 v2.0.2 Commands to change all sectional heading styles


LaTeX Warning: Command \underbar  has changed.
               Check if current package is valid.


LaTeX Warning: Command \underline  has changed.
               Check if current package is valid.

) (c:/texlive/2020/texmf-dist/tex/latex/graphics/graphicx.sty
Package: graphicx 2020/09/09 v1.2b Enhanced LaTeX Graphics (DPC,SPQR)
 (c:/texlive/2020/texmf-dist/tex/latex/graphics/keyval.sty
Package: keyval 2014/10/28 v1.15 key=value parser (DPC)
\KV@toks@=\toks15
) (c:/texlive/2020/texmf-dist/tex/latex/graphics/graphics.sty
Package: graphics 2020/08/30 v1.4c Standard LaTeX Graphics (DPC,SPQR)
 (c:/texlive/2020/texmf-dist/tex/latex/graphics/trig.sty
Package: trig 2016/01/03 v1.10 sin cos tan (DPC)
) (c:/texlive/2020/texmf-dist/tex/latex/graphics-cfg/graphics.cfg
File: graphics.cfg 2016/06/04 v1.11 sample graphics configuration
)
Package graphics Info: Driver file: pdftex.def on input line 105.
 (c:/texlive/2020/texmf-dist/tex/latex/graphics-def/pdftex.def
File: pdftex.def 2020/10/05 v1.2a Graphics/color driver for pdftex
))
\Gin@req@height=\dimen139
\Gin@req@width=\dimen140
) (c:/texlive/2020/texmf-dist/tex/latex/subfig/subfig.sty
Package: subfig 2005/06/28 ver: 1.3 subfig package
 (c:/texlive/2020/texmf-dist/tex/latex/caption/caption.sty
Package: caption 2020/10/26 v3.5g Customizing captions (AR)
 (c:/texlive/2020/texmf-dist/tex/latex/caption/caption3.sty
Package: caption3 2020/10/21 v2.2e caption3 kernel (AR)
\captionmargin=\dimen141
\captionmargin@=\dimen142
\captionwidth=\dimen143
\caption@tempdima=\dimen144
\caption@indent=\dimen145
\caption@parindent=\dimen146
\caption@hangindent=\dimen147
Package caption Info: Standard document class detected.
)
\c@caption@flags=\count187
\c@continuedfloat=\count188
)
\c@KVtest=\count189
\sf@farskip=\skip49
\sf@captopadj=\dimen148
\sf@capskip=\skip50
\sf@nearskip=\skip51
\c@subfigure=\count190
\c@subfigure@save=\count191
\c@lofdepth=\count192
\c@subtable=\count193
\c@subtable@save=\count194
\c@lotdepth=\count195
\sf@top=\skip52
\sf@bottom=\skip53
) (c:/texlive/2020/texmf-dist/tex/latex/l3backend/l3backend-pdftex.def
File: l3backend-pdftex.def 2021-03-18 L3 backend support: PDF output (pdfTeX)
\l__color_backend_stack_int=\count196
\l__pdf_internal_box=\box47
) (c:/Users/callu/Dropbox/University/2021 Semester 1/Machine Learning/assignments/assignment 1/Report/report.aux

LaTeX Warning: Label `fig:sub1' multiply defined.

)
\openout1 = `report.aux'.

LaTeX Font Info:    Checking defaults for OML/cmm/m/it on input line 18.
LaTeX Font Info:    ... okay on input line 18.
LaTeX Font Info:    Checking defaults for OMS/cmsy/m/n on input line 18.
LaTeX Font Info:    ... okay on input line 18.
LaTeX Font Info:    Checking defaults for OT1/cmr/m/n on input line 18.
LaTeX Font Info:    ... okay on input line 18.
LaTeX Font Info:    Checking defaults for T1/cmr/m/n on input line 18.
LaTeX Font Info:    ... okay on input line 18.
LaTeX Font Info:    Checking defaults for TS1/cmr/m/n on input line 18.
LaTeX Font Info:    ... okay on input line 18.
LaTeX Font Info:    Checking defaults for OMX/cmex/m/n on input line 18.
LaTeX Font Info:    ... okay on input line 18.
LaTeX Font Info:    Checking defaults for U/cmr/m/n on input line 18.
LaTeX Font Info:    ... okay on input line 18.
 (c:/texlive/2020/texmf-dist/tex/context/base/mkii/supp-pdf.mkii
[Loading MPS to PDF converter (version 2006.09.02).]
\scratchcounter=\count197
\scratchdimen=\dimen149
\scratchbox=\box48
\nofMPsegments=\count198
\nofMParguments=\count199
\everyMPshowfont=\toks16
\MPscratchCnt=\count266
\MPscratchDim=\dimen150
\MPnumerator=\count267
\makeMPintoPDFobject=\count268
\everyMPtoPDFconversion=\toks17
) (c:/texlive/2020/texmf-dist/tex/latex/epstopdf-pkg/epstopdf-base.sty
Package: epstopdf-base 2020-01-24 v2.11 Base part for package epstopdf
Package epstopdf-base Info: Redefining graphics rule for `.eps' on input line 485.
 (c:/texlive/2020/texmf-dist/tex/latex/latexconfig/epstopdf-sys.cfg
File: epstopdf-sys.cfg 2010/07/13 v1.3 Configuration of (r)epstopdf for TeX Live
))
Package caption Info: Begin \AtBeginDocument code.
Package caption Info: subfig package v1.3 is loaded.
Package caption Info: End \AtBeginDocument code.
LaTeX Font Info:    External font `cmex10' loaded for size
(Font)              <12> on input line 19.
LaTeX Font Info:    External font `cmex10' loaded for size
(Font)              <8> on input line 19.
LaTeX Font Info:    External font `cmex10' loaded for size
(Font)              <6> on input line 19.
 [1

{c:/texlive/2020/texmf-var/fonts/map/pdftex/updmap/pdftex.map}]
<..\results\multiclass_eval_scatter_Gaussian_NB.jpg, id=9, 468.75125pt x 262.9825pt>
File: ..\results\multiclass_eval_scatter_Gaussian_NB.jpg Graphic file (type jpg)
<use ..\results\multiclass_eval_scatter_Gaussian_NB.jpg>
Package pdftex.def Info: ..\results\multiclass_eval_scatter_Gaussian_NB.jpg  used on input line 39.
(pdftex.def)             Requested size: 468.75009pt x 262.98184pt.
 [2 <c:/Users/callu/Dropbox/University/2021 Semester 1/Machine Learning/assignments/assignment 1/Report/..\results\multiclass_eval_scatter_Gaussian_NB.jpg>]
<..\results\stats_table.png, id=15, 1156.32pt x 90.3375pt>
File: ..\results\stats_table.png Graphic file (type png)
<use ..\results\stats_table.png>
Package pdftex.def Info: ..\results\stats_table.png  used on input line 51.
(pdftex.def)             Requested size: 578.15858pt x 45.16862pt.
<..\results\Precision_comparison_Gaussian_NB_KDE.jpg, id=17, 425.59pt x 281.05pt>
File: ..\results\Precision_comparison_Gaussian_NB_KDE.jpg Graphic file (type jpg)
<use ..\results\Precision_comparison_Gaussian_NB_KDE.jpg>
Package pdftex.def Info: ..\results\Precision_comparison_Gaussian_NB_KDE.jpg  used on input line 62.
(pdftex.def)             Requested size: 187.89912pt x 124.08693pt.
<..\results\Recall_comparison_Gaussian_NB_KDE.jpg, id=18, 425.59pt x 281.05pt>
File: ..\results\Recall_comparison_Gaussian_NB_KDE.jpg Graphic file (type jpg)
<use ..\results\Recall_comparison_Gaussian_NB_KDE.jpg>
Package pdftex.def Info: ..\results\Recall_comparison_Gaussian_NB_KDE.jpg  used on input line 63.
(pdftex.def)             Requested size: 187.89912pt x 124.08693pt.
 [3 <c:/Users/callu/Dropbox/University/2021 Semester 1/Machine Learning/assignments/assignment 1/Report/..\results\stats_table.png> <c:/Users/callu/Dropbox/University/2021 Semester 1/Machine Learning/assignments/assignment 1/Report/..\results\Precision_comparison_Gaussian_NB_KDE.jpg> <c:/Users/callu/Dropbox/University/2021 Semester 1/Machine Learning/assignments/assignment 1/Report/..\results\Recall_comparison_Gaussian_NB_KDE.jpg>]
<..\results\confusion_heatmap_KDE.jpg, id=24, 448.67625pt x 351.3125pt>
File: ..\results\confusion_heatmap_KDE.jpg Graphic file (type jpg)
<use ..\results\confusion_heatmap_KDE.jpg>
Package pdftex.def Info: ..\results\confusion_heatmap_KDE.jpg  used on input line 71.
(pdftex.def)             Requested size: 187.89912pt x 147.12138pt.
<..\results\confusion_heatmap_Gaussian_NB.jpg, id=25, 448.67625pt x 351.3125pt>
File: ..\results\confusion_heatmap_Gaussian_NB.jpg Graphic file (type jpg)
<use ..\results\confusion_heatmap_Gaussian_NB.jpg>
Package pdftex.def Info: ..\results\confusion_heatmap_Gaussian_NB.jpg  used on input line 72.
(pdftex.def)             Requested size: 187.89912pt x 147.12138pt.
<..\results\time_table.png, id=26, 578.16pt x 225.84375pt>
File: ..\results\time_table.png Graphic file (type png)
<use ..\results\time_table.png>
Package pdftex.def Info: ..\results\time_table.png  used on input line 81.
(pdftex.def)             Requested size: 289.07928pt x 112.92159pt.
 [4 <c:/Users/callu/Dropbox/University/2021 Semester 1/Machine Learning/assignments/assignment 1/Report/..\results\confusion_heatmap_KDE.jpg> <c:/Users/callu/Dropbox/University/2021 Semester 1/Machine Learning/assignments/assignment 1/Report/..\results\confusion_heatmap_Gaussian_NB.jpg> <c:/Users/callu/Dropbox/University/2021 Semester 1/Machine Learning/assignments/assignment 1/Report/..\results\time_table.png>] (c:/Users/callu/Dropbox/University/2021 Semester 1/Machine Learning/assignments/assignment 1/Report/report.aux)

LaTeX Warning: There were multiply-defined labels.

 ) 
Here is how much of TeX's memory you used:
 2736 strings out of 479014
 48351 string characters out of 5863086
 337861 words of memory out of 5000000
 20229 multiletter control sequences out of 15000+600000
 407977 words of font info for 42 fonts, out of 8000000 for 9000
 1141 hyphenation exceptions out of 8191
 71i,10n,79p,344b,388s stack positions out of 5000i,500n,10000p,200000b,80000s
<c:/texlive/2020/texmf-dist/fonts/type1/public/amsfonts/cm/cmbx10.pfb><c:/texlive/2020/texmf-dist/fonts/type1/public/amsfonts/cm/cmbx12.pfb><c:/texlive/2020/texmf-dist/fonts/type1/public/amsfonts/cm/cmr10.pfb><c:/texlive/2020/texmf-dist/fonts/type1/public/amsfonts/cm/cmr12.pfb><c:/texlive/2020/texmf-dist/fonts/type1/public/amsfonts/cm/cmr17.pfb><c:/texlive/2020/texmf-dist/fonts/type1/public/amsfonts/cm/cmr9.pfb>
Output written on "c:/Users/callu/Dropbox/University/2021 Semester 1/Machine Learning/assignments/assignment 1/Report/report.pdf" (4 pages, 287252 bytes).
PDF statistics:
 51 PDF objects out of 1000 (max. 8388607)
 29 compressed objects within 1 object stream
 0 named destinations out of 1000 (max. 500000)
 36 words of extra memory for PDF output out of 10000 (max. 10000000)

